[INFO ] 2024-02-26 21:37:21.268 [main] LoggerLoad - Info Log Before Step : User navigates to the Data-Structure Introduction page 4
[INFO ] 2024-02-26 21:37:25.129 [main] LoggerLoad - Info Log After Step : User navigates to the Data-Structure Introduction page 4
[INFO ] 2024-02-26 21:37:25.129 [main] LoggerLoad - Info Log Before Step : User navigates to the Data-Structure Introduction page 4
[INFO ] 2024-02-26 21:37:27.600 [main] LoggerLoad - Info Log After Step : User navigates to the Data-Structure Introduction page 4
[INFO ] 2024-02-26 21:37:27.600 [main] LoggerLoad - Info Log Before Step : User navigates to the Data-Structure Introduction page 4
[INFO ] 2024-02-26 21:37:27.618 [main] LoggerLoad - Info Log After Step : User navigates to the Data-Structure Introduction page 4
[INFO ] 2024-02-26 21:37:28.763 [main] LoggerLoad - Info Log Before Step : User navigates to the Data-Structure Introduction time complexity page 10
[INFO ] 2024-02-26 21:37:35.327 [main] LoggerLoad - Info Log After Step : User navigates to the Data-Structure Introduction time complexity page 10
[INFO ] 2024-02-26 21:37:35.327 [main] LoggerLoad - Info Log Before Step : User navigates to the Data-Structure Introduction time complexity page 10
[INFO ] 2024-02-26 21:37:35.778 [main] LoggerLoad - Info Log After Step : User navigates to the Data-Structure Introduction time complexity page 10
[INFO ] 2024-02-26 21:37:35.778 [main] LoggerLoad - Info Log Before Step : User navigates to the Data-Structure Introduction time complexity page 10
[INFO ] 2024-02-26 21:37:35.802 [main] LoggerLoad - Info Log After Step : User navigates to the Data-Structure Introduction time complexity page 10
[INFO ] 2024-02-26 21:37:36.811 [main] LoggerLoad - Info Log Before Step : User navigates to pythoncode 16
[INFO ] 2024-02-26 21:37:43.715 [main] LoggerLoad - Info Log After Step : User navigates to pythoncode 16
[INFO ] 2024-02-26 21:37:43.715 [main] LoggerLoad - Info Log Before Step : User navigates to pythoncode 16
[INFO ] 2024-02-26 21:37:44.701 [main] LoggerLoad - Info Log After Step : User navigates to pythoncode 16
[INFO ] 2024-02-26 21:37:44.702 [main] LoggerLoad - Info Log Before Step : User navigates to pythoncode 16
[INFO ] 2024-02-26 21:37:44.723 [main] LoggerLoad - Info Log After Step : User navigates to pythoncode 16
[INFO ] 2024-02-26 21:37:45.784 [main] LoggerLoad - Info Log Before Step : User redirected to the blank page 23
[INFO ] 2024-02-26 21:37:52.640 [main] LoggerLoad - Info Log After Step : User redirected to the blank page 23
[INFO ] 2024-02-26 21:37:52.640 [main] LoggerLoad - Info Log Before Step : User redirected to the blank page 23
[INFO ] 2024-02-26 21:37:52.999 [main] LoggerLoad - Info Log After Step : User redirected to the blank page 23
[INFO ] 2024-02-26 21:37:53.000 [main] LoggerLoad - Info Log Before Step : User redirected to the blank page 23
[INFO ] 2024-02-26 21:37:53.002 [main] LoggerLoad - Info Log After Step : User redirected to the blank page 23
[INFO ] 2024-02-26 21:37:54.012 [main] LoggerLoad - Info Log Before Step : User doesn't find any practice problem 29
[INFO ] 2024-02-26 21:38:00.932 [main] LoggerLoad - Info Log After Step : User doesn't find any practice problem 29
[INFO ] 2024-02-26 21:38:00.932 [main] LoggerLoad - Info Log Before Step : User doesn't find any practice problem 29
[INFO ] 2024-02-26 21:38:01.325 [main] LoggerLoad - Info Log After Step : User doesn't find any practice problem 29
[INFO ] 2024-02-26 21:38:01.325 [main] LoggerLoad - Info Log Before Step : User doesn't find any practice problem 29
[INFO ] 2024-02-26 21:38:01.326 [main] LoggerLoad - Info Log After Step : User doesn't find any practice problem 29
[INFO ] 2024-02-26 21:40:11.070 [main] LoggerLoad - Info Log Before Step : User navigates to the Data-Structure Introduction page 4
[INFO ] 2024-02-26 21:40:15.051 [main] LoggerLoad - Info Log After Step : User navigates to the Data-Structure Introduction page 4
[INFO ] 2024-02-26 21:40:15.051 [main] LoggerLoad - Info Log Before Step : User navigates to the Data-Structure Introduction page 4
[INFO ] 2024-02-26 21:40:17.541 [main] LoggerLoad - Info Log After Step : User navigates to the Data-Structure Introduction page 4
[INFO ] 2024-02-26 21:40:17.541 [main] LoggerLoad - Info Log Before Step : User navigates to the Data-Structure Introduction page 4
[INFO ] 2024-02-26 21:40:17.557 [main] LoggerLoad - Info Log After Step : User navigates to the Data-Structure Introduction page 4
[INFO ] 2024-02-26 21:40:18.582 [main] LoggerLoad - Info Log Before Step : User navigates to the Data-Structure Introduction time complexity page 10
[INFO ] 2024-02-26 21:40:25.086 [main] LoggerLoad - Info Log After Step : User navigates to the Data-Structure Introduction time complexity page 10
[INFO ] 2024-02-26 21:40:25.086 [main] LoggerLoad - Info Log Before Step : User navigates to the Data-Structure Introduction time complexity page 10
[INFO ] 2024-02-26 21:40:25.509 [main] LoggerLoad - Info Log After Step : User navigates to the Data-Structure Introduction time complexity page 10
[INFO ] 2024-02-26 21:40:25.509 [main] LoggerLoad - Info Log Before Step : User navigates to the Data-Structure Introduction time complexity page 10
[INFO ] 2024-02-26 21:40:25.528 [main] LoggerLoad - Info Log After Step : User navigates to the Data-Structure Introduction time complexity page 10
[INFO ] 2024-02-26 21:40:26.491 [main] LoggerLoad - Info Log Before Step : User navigates to pythoncode 16
[INFO ] 2024-02-26 21:40:33.419 [main] LoggerLoad - Info Log After Step : User navigates to pythoncode 16
[INFO ] 2024-02-26 21:40:33.419 [main] LoggerLoad - Info Log Before Step : User navigates to pythoncode 16
[INFO ] 2024-02-26 21:40:34.307 [main] LoggerLoad - Info Log After Step : User navigates to pythoncode 16
[INFO ] 2024-02-26 21:40:34.308 [main] LoggerLoad - Info Log Before Step : User navigates to pythoncode 16
[INFO ] 2024-02-26 21:40:34.323 [main] LoggerLoad - Info Log After Step : User navigates to pythoncode 16
[INFO ] 2024-02-26 21:40:35.285 [main] LoggerLoad - Info Log Before Step : User redirected to the blank page 23
[INFO ] 2024-02-26 21:40:42.052 [main] LoggerLoad - Info Log After Step : User redirected to the blank page 23
[INFO ] 2024-02-26 21:40:42.052 [main] LoggerLoad - Info Log Before Step : User redirected to the blank page 23
[INFO ] 2024-02-26 21:40:42.423 [main] LoggerLoad - Info Log After Step : User redirected to the blank page 23
[INFO ] 2024-02-26 21:40:42.424 [main] LoggerLoad - Info Log Before Step : User redirected to the blank page 23
[INFO ] 2024-02-26 21:40:42.466 [main] LoggerLoad - Info Log After Step : User redirected to the blank page 23
[INFO ] 2024-02-26 21:40:43.490 [main] LoggerLoad - Info Log Before Step : User doesn't find any practice problem 29
[INFO ] 2024-02-26 21:40:50.579 [main] LoggerLoad - Info Log After Step : User doesn't find any practice problem 29
[INFO ] 2024-02-26 21:40:50.579 [main] LoggerLoad - Info Log Before Step : User doesn't find any practice problem 29
[INFO ] 2024-02-26 21:40:50.936 [main] LoggerLoad - Info Log After Step : User doesn't find any practice problem 29
[INFO ] 2024-02-26 21:40:50.937 [main] LoggerLoad - Info Log Before Step : User doesn't find any practice problem 29
[INFO ] 2024-02-26 21:40:50.981 [main] LoggerLoad - Info Log After Step : User doesn't find any practice problem 29
[INFO ] 2024-02-26 21:41:16.813 [main] LoggerLoad - Info Log Before Step : User navigates to the Stack page 5
[INFO ] 2024-02-26 21:41:20.747 [main] LoggerLoad - Info Log After Step : User navigates to the Stack page 5
[INFO ] 2024-02-26 21:41:20.748 [main] LoggerLoad - Info Log Before Step : User navigates to the Stack page 5
[INFO ] 2024-02-26 21:41:23.230 [main] LoggerLoad - Info Log After Step : User navigates to the Stack page 5
[INFO ] 2024-02-26 21:41:23.231 [main] LoggerLoad - Info Log Before Step : User navigates to the Stack page 5
[INFO ] 2024-02-26 21:41:23.249 [main] LoggerLoad - Info Log After Step : User navigates to the Stack page 5
[INFO ] 2024-02-26 21:41:24.320 [main] LoggerLoad - Info Log Before Step : User navigates to the Stack Operations in Stack page 11
[INFO ] 2024-02-26 21:41:30.819 [main] LoggerLoad - Info Log After Step : User navigates to the Stack Operations in Stack page 11
[INFO ] 2024-02-26 21:41:30.819 [main] LoggerLoad - Info Log Before Step : User navigates to the Stack Operations in Stack page 11
[INFO ] 2024-02-26 21:41:31.354 [main] LoggerLoad - Info Log After Step : User navigates to the Stack Operations in Stack page 11
[INFO ] 2024-02-26 21:41:31.354 [main] LoggerLoad - Info Log Before Step : User navigates to the Stack Operations in Stack page 11
[INFO ] 2024-02-26 21:41:31.381 [main] LoggerLoad - Info Log After Step : User navigates to the Stack Operations in Stack page 11
[INFO ] 2024-02-26 21:41:32.454 [main] LoggerLoad - Info Log Before Step : User navigates to the Stack Operations in Stack page 18
[INFO ] 2024-02-26 21:41:39.134 [main] LoggerLoad - Info Log After Step : User navigates to the Stack Operations in Stack page 18
[INFO ] 2024-02-26 21:41:39.135 [main] LoggerLoad - Info Log Before Step : User navigates to the Stack Operations in Stack page 18
[INFO ] 2024-02-26 21:41:39.563 [main] LoggerLoad - Info Log After Step : User navigates to the Stack Operations in Stack page 18
[INFO ] 2024-02-26 21:41:39.563 [main] LoggerLoad - Info Log Before Step : User navigates to the Stack Operations in Stack page 18
[INFO ] 2024-02-26 21:41:39.583 [main] LoggerLoad - Info Log After Step : User navigates to the Stack Operations in Stack page 18
[INFO ] 2024-02-26 21:41:40.535 [main] LoggerLoad - Info Log Before Step : User navigates to the Stack Operations in Stack page 25
[INFO ] 2024-02-26 21:41:47.027 [main] LoggerLoad - Info Log After Step : User navigates to the Stack Operations in Stack page 25
[INFO ] 2024-02-26 21:41:47.028 [main] LoggerLoad - Info Log Before Step : User navigates to the Stack Operations in Stack page 25
[INFO ] 2024-02-26 21:41:47.442 [main] LoggerLoad - Info Log After Step : User navigates to the Stack Operations in Stack page 25
[INFO ] 2024-02-26 21:41:47.443 [main] LoggerLoad - Info Log Before Step : User navigates to the Stack Operations in Stack page 25
[INFO ] 2024-02-26 21:41:47.466 [main] LoggerLoad - Info Log After Step : User navigates to the Stack Operations in Stack page 25
[INFO ] 2024-02-26 21:41:48.528 [main] LoggerLoad - Info Log Before Step : User navigates to pythoncode in StackOperationsInStack 31
[INFO ] 2024-02-26 21:41:55.491 [main] LoggerLoad - Info Log After Step : User navigates to pythoncode in StackOperationsInStack 31
[INFO ] 2024-02-26 21:41:55.492 [main] LoggerLoad - Info Log Before Step : User navigates to pythoncode in StackOperationsInStack 31
[INFO ] 2024-02-26 21:41:56.310 [main] LoggerLoad - Info Log After Step : User navigates to pythoncode in StackOperationsInStack 31
[INFO ] 2024-02-26 21:41:56.311 [main] LoggerLoad - Info Log Before Step : User navigates to pythoncode in StackOperationsInStack 31
[INFO ] 2024-02-26 21:41:56.325 [main] LoggerLoad - Info Log After Step : User navigates to pythoncode in StackOperationsInStack 31
[INFO ] 2024-02-26 21:41:57.347 [main] LoggerLoad - Info Log Before Step : User navigates to pythoncode in StackImplementationsTryme 38
[INFO ] 2024-02-26 21:42:04.314 [main] LoggerLoad - Info Log After Step : User navigates to pythoncode in StackImplementationsTryme 38
[INFO ] 2024-02-26 21:42:04.314 [main] LoggerLoad - Info Log Before Step : User navigates to pythoncode in StackImplementationsTryme 38
[INFO ] 2024-02-26 21:42:05.268 [main] LoggerLoad - Info Log After Step : User navigates to pythoncode in StackImplementationsTryme 38
[INFO ] 2024-02-26 21:42:05.268 [main] LoggerLoad - Info Log Before Step : User navigates to pythoncode in StackImplementationsTryme 38
[INFO ] 2024-02-26 21:42:05.285 [main] LoggerLoad - Info Log After Step : User navigates to pythoncode in StackImplementationsTryme 38
[INFO ] 2024-02-26 21:42:06.353 [main] LoggerLoad - Info Log Before Step : User navigates to pythoncode in StackApplicationsTryme 45
[INFO ] 2024-02-26 21:42:13.369 [main] LoggerLoad - Info Log After Step : User navigates to pythoncode in StackApplicationsTryme 45
[INFO ] 2024-02-26 21:42:13.370 [main] LoggerLoad - Info Log Before Step : User navigates to pythoncode in StackApplicationsTryme 45
[INFO ] 2024-02-26 21:42:14.425 [main] LoggerLoad - Info Log After Step : User navigates to pythoncode in StackApplicationsTryme 45
[INFO ] 2024-02-26 21:42:14.425 [main] LoggerLoad - Info Log Before Step : User navigates to pythoncode in StackApplicationsTryme 45
[INFO ] 2024-02-26 21:42:14.444 [main] LoggerLoad - Info Log After Step : User navigates to pythoncode in StackApplicationsTryme 45
[INFO ] 2024-02-26 21:42:15.432 [main] LoggerLoad - Info Log Before Step : User redirected to the blank page of StackOperationsInStackParcticeQuestions 51
[INFO ] 2024-02-26 21:42:22.373 [main] LoggerLoad - Info Log After Step : User redirected to the blank page of StackOperationsInStackParcticeQuestions 51
[INFO ] 2024-02-26 21:42:22.373 [main] LoggerLoad - Info Log Before Step : User redirected to the blank page of StackOperationsInStackParcticeQuestions 51
[INFO ] 2024-02-26 21:42:22.738 [main] LoggerLoad - Info Log After Step : User redirected to the blank page of StackOperationsInStackParcticeQuestions 51
[INFO ] 2024-02-26 21:42:22.738 [main] LoggerLoad - Info Log Before Step : User redirected to the blank page of StackOperationsInStackParcticeQuestions 51
[INFO ] 2024-02-26 21:42:22.779 [main] LoggerLoad - Info Log After Step : User redirected to the blank page of StackOperationsInStackParcticeQuestions 51
[INFO ] 2024-02-26 21:42:23.827 [main] LoggerLoad - Info Log Before Step : User redirected to the blank page of StackImplementationInStackParcticeQuestions 58
[INFO ] 2024-02-26 21:42:30.672 [main] LoggerLoad - Info Log After Step : User redirected to the blank page of StackImplementationInStackParcticeQuestions 58
[INFO ] 2024-02-26 21:42:30.673 [main] LoggerLoad - Info Log Before Step : User redirected to the blank page of StackImplementationInStackParcticeQuestions 58
[INFO ] 2024-02-26 21:42:31.060 [main] LoggerLoad - Info Log After Step : User redirected to the blank page of StackImplementationInStackParcticeQuestions 58
[INFO ] 2024-02-26 21:42:31.061 [main] LoggerLoad - Info Log Before Step : User redirected to the blank page of StackImplementationInStackParcticeQuestions 58
[INFO ] 2024-02-26 21:42:31.108 [main] LoggerLoad - Info Log After Step : User redirected to the blank page of StackImplementationInStackParcticeQuestions 58
[INFO ] 2024-02-26 21:42:32.142 [main] LoggerLoad - Info Log Before Step : User redirected to the blank page of StackApplicationsInStackParcticeQuestions 64
[INFO ] 2024-02-26 21:42:39.048 [main] LoggerLoad - Info Log After Step : User redirected to the blank page of StackApplicationsInStackParcticeQuestions 64
[INFO ] 2024-02-26 21:42:39.048 [main] LoggerLoad - Info Log Before Step : User redirected to the blank page of StackApplicationsInStackParcticeQuestions 64
[INFO ] 2024-02-26 21:42:39.394 [main] LoggerLoad - Info Log After Step : User redirected to the blank page of StackApplicationsInStackParcticeQuestions 64
[INFO ] 2024-02-26 21:42:39.394 [main] LoggerLoad - Info Log Before Step : User redirected to the blank page of StackApplicationsInStackParcticeQuestions 64
[INFO ] 2024-02-26 21:42:39.436 [main] LoggerLoad - Info Log After Step : User redirected to the blank page of StackApplicationsInStackParcticeQuestions 64
[INFO ] 2024-02-26 21:42:57.462 [main] LoggerLoad - Info Log Before Step : User navigates to the Queue page 5
[INFO ] 2024-02-26 21:43:01.413 [main] LoggerLoad - Info Log After Step : User navigates to the Queue page 5
[INFO ] 2024-02-26 21:43:01.413 [main] LoggerLoad - Info Log Before Step : User navigates to the Queue page 5
[INFO ] 2024-02-26 21:43:03.912 [main] LoggerLoad - Info Log After Step : User navigates to the Queue page 5
[INFO ] 2024-02-26 21:43:03.912 [main] LoggerLoad - Info Log Before Step : User navigates to the Queue page 5
[INFO ] 2024-02-26 21:43:03.941 [main] LoggerLoad - Info Log After Step : User navigates to the Queue page 5
[INFO ] 2024-02-26 21:43:05.010 [main] LoggerLoad - Info Log Before Step : User navigates to the Queue Implementation of Queue in Python page 12
[INFO ] 2024-02-26 21:43:11.496 [main] LoggerLoad - Info Log After Step : User navigates to the Queue Implementation of Queue in Python page 12
[INFO ] 2024-02-26 21:43:11.496 [main] LoggerLoad - Info Log Before Step : User navigates to the Queue Implementation of Queue in Python page 12
[INFO ] 2024-02-26 21:43:11.939 [main] LoggerLoad - Info Log After Step : User navigates to the Queue Implementation of Queue in Python page 12
[INFO ] 2024-02-26 21:43:11.939 [main] LoggerLoad - Info Log Before Step : User navigates to the Queue Implementation of Queue in Python page 12
[INFO ] 2024-02-26 21:43:11.962 [main] LoggerLoad - Info Log After Step : User navigates to the Queue Implementation of Queue in Python page 12
[INFO ] 2024-02-26 21:43:12.928 [main] LoggerLoad - Info Log Before Step : User navigates to the Queue Implementation of Queue in Python page 19
[INFO ] 2024-02-26 21:43:19.431 [main] LoggerLoad - Info Log After Step : User navigates to the Queue Implementation of Queue in Python page 19
[INFO ] 2024-02-26 21:43:19.431 [main] LoggerLoad - Info Log Before Step : User navigates to the Queue Implementation of Queue in Python page 19
[INFO ] 2024-02-26 21:43:19.881 [main] LoggerLoad - Info Log After Step : User navigates to the Queue Implementation of Queue in Python page 19
[INFO ] 2024-02-26 21:43:19.881 [main] LoggerLoad - Info Log Before Step : User navigates to the Queue Implementation of Queue in Python page 19
[INFO ] 2024-02-26 21:43:19.899 [main] LoggerLoad - Info Log After Step : User navigates to the Queue Implementation of Queue in Python page 19
[INFO ] 2024-02-26 21:43:20.862 [main] LoggerLoad - Info Log Before Step : User navigates to the Queue Implementation of Queue in Python page 32
[INFO ] 2024-02-26 21:43:27.324 [main] LoggerLoad - Info Log After Step : User navigates to the Queue Implementation of Queue in Python page 32
[INFO ] 2024-02-26 21:43:27.325 [main] LoggerLoad - Info Log Before Step : User navigates to the Queue Implementation of Queue in Python page 32
[INFO ] 2024-02-26 21:43:27.776 [main] LoggerLoad - Info Log After Step : User navigates to the Queue Implementation of Queue in Python page 32
[INFO ] 2024-02-26 21:43:27.776 [main] LoggerLoad - Info Log Before Step : User navigates to the Queue Implementation of Queue in Python page 32
[INFO ] 2024-02-26 21:43:27.801 [main] LoggerLoad - Info Log After Step : User navigates to the Queue Implementation of Queue in Python page 32
[INFO ] 2024-02-26 21:43:28.801 [main] LoggerLoad - Info Log Before Step : User navigates to pythoncode in QueueOperationsInQueue 38
[INFO ] 2024-02-26 21:43:35.913 [main] LoggerLoad - Info Log After Step : User navigates to pythoncode in QueueOperationsInQueue 38
[INFO ] 2024-02-26 21:43:35.913 [main] LoggerLoad - Info Log Before Step : User navigates to pythoncode in QueueOperationsInQueue 38
[INFO ] 2024-02-26 21:43:36.793 [main] LoggerLoad - Info Log After Step : User navigates to pythoncode in QueueOperationsInQueue 38
[INFO ] 2024-02-26 21:43:36.793 [main] LoggerLoad - Info Log Before Step : User navigates to pythoncode in QueueOperationsInQueue 38
[INFO ] 2024-02-26 21:43:36.810 [main] LoggerLoad - Info Log After Step : User navigates to pythoncode in QueueOperationsInQueue 38
[INFO ] 2024-02-26 21:43:37.796 [main] LoggerLoad - Info Log Before Step : User navigates to pythoncode in QueueImplementationsTryme 45
[INFO ] 2024-02-26 21:43:44.712 [main] LoggerLoad - Info Log After Step : User navigates to pythoncode in QueueImplementationsTryme 45
[INFO ] 2024-02-26 21:43:44.712 [main] LoggerLoad - Info Log Before Step : User navigates to pythoncode in QueueImplementationsTryme 45
[INFO ] 2024-02-26 21:43:45.644 [main] LoggerLoad - Info Log After Step : User navigates to pythoncode in QueueImplementationsTryme 45
[INFO ] 2024-02-26 21:43:45.644 [main] LoggerLoad - Info Log Before Step : User navigates to pythoncode in QueueImplementationsTryme 45
[INFO ] 2024-02-26 21:43:45.667 [main] LoggerLoad - Info Log After Step : User navigates to pythoncode in QueueImplementationsTryme 45
[INFO ] 2024-02-26 21:43:46.784 [main] LoggerLoad - Info Log Before Step : User navigates to pythoncode in QueueApplicationsTryme 52
[INFO ] 2024-02-26 21:43:53.861 [main] LoggerLoad - Info Log After Step : User navigates to pythoncode in QueueApplicationsTryme 52
[INFO ] 2024-02-26 21:43:53.861 [main] LoggerLoad - Info Log Before Step : User navigates to pythoncode in QueueApplicationsTryme 52
[INFO ] 2024-02-26 21:43:54.763 [main] LoggerLoad - Info Log After Step : User navigates to pythoncode in QueueApplicationsTryme 52
[INFO ] 2024-02-26 21:43:54.764 [main] LoggerLoad - Info Log Before Step : User navigates to pythoncode in QueueApplicationsTryme 52
[INFO ] 2024-02-26 21:43:54.785 [main] LoggerLoad - Info Log After Step : User navigates to pythoncode in QueueApplicationsTryme 52
[INFO ] 2024-02-26 21:43:55.820 [main] LoggerLoad - Info Log Before Step : User navigates to pythoncode in QueueApplicationsTryme 58
[INFO ] 2024-02-26 21:44:02.766 [main] LoggerLoad - Info Log After Step : User navigates to pythoncode in QueueApplicationsTryme 58
[INFO ] 2024-02-26 21:44:02.766 [main] LoggerLoad - Info Log Before Step : User navigates to pythoncode in QueueApplicationsTryme 58
[INFO ] 2024-02-26 21:44:03.708 [main] LoggerLoad - Info Log After Step : User navigates to pythoncode in QueueApplicationsTryme 58
[INFO ] 2024-02-26 21:44:03.708 [main] LoggerLoad - Info Log Before Step : User navigates to pythoncode in QueueApplicationsTryme 58
[INFO ] 2024-02-26 21:44:03.725 [main] LoggerLoad - Info Log After Step : User navigates to pythoncode in QueueApplicationsTryme 58
[INFO ] 2024-02-26 21:44:04.852 [main] LoggerLoad - Info Log Before Step : User redirected to the blank page of QueueOperationsInQueueParcticeQuestions 65
[INFO ] 2024-02-26 21:44:11.720 [main] LoggerLoad - Info Log After Step : User redirected to the blank page of QueueOperationsInQueueParcticeQuestions 65
[INFO ] 2024-02-26 21:44:11.721 [main] LoggerLoad - Info Log Before Step : User redirected to the blank page of QueueOperationsInQueueParcticeQuestions 65
[INFO ] 2024-02-26 21:44:12.088 [main] LoggerLoad - Info Log After Step : User redirected to the blank page of QueueOperationsInQueueParcticeQuestions 65
[INFO ] 2024-02-26 21:44:12.088 [main] LoggerLoad - Info Log Before Step : User redirected to the blank page of QueueOperationsInQueueParcticeQuestions 65
[INFO ] 2024-02-26 21:44:12.133 [main] LoggerLoad - Info Log After Step : User redirected to the blank page of QueueOperationsInQueueParcticeQuestions 65
[INFO ] 2024-02-26 21:44:13.135 [main] LoggerLoad - Info Log Before Step : User redirected to the blank page of QueueImplementationInQueueParcticeQuestions 72
[INFO ] 2024-02-26 21:44:19.934 [main] LoggerLoad - Info Log After Step : User redirected to the blank page of QueueImplementationInQueueParcticeQuestions 72
[INFO ] 2024-02-26 21:44:19.934 [main] LoggerLoad - Info Log Before Step : User redirected to the blank page of QueueImplementationInQueueParcticeQuestions 72
[INFO ] 2024-02-26 21:44:20.283 [main] LoggerLoad - Info Log After Step : User redirected to the blank page of QueueImplementationInQueueParcticeQuestions 72
[INFO ] 2024-02-26 21:44:20.283 [main] LoggerLoad - Info Log Before Step : User redirected to the blank page of QueueImplementationInQueueParcticeQuestions 72
[INFO ] 2024-02-26 21:44:20.317 [main] LoggerLoad - Info Log After Step : User redirected to the blank page of QueueImplementationInQueueParcticeQuestions 72
[INFO ] 2024-02-26 21:44:21.363 [main] LoggerLoad - Info Log Before Step : User redirected to the blank page of QueueApplicationsInQueueParcticeQuestions 78
[INFO ] 2024-02-26 21:44:29.024 [main] LoggerLoad - Info Log After Step : User redirected to the blank page of QueueApplicationsInQueueParcticeQuestions 78
[INFO ] 2024-02-26 21:44:29.024 [main] LoggerLoad - Info Log Before Step : User redirected to the blank page of QueueApplicationsInQueueParcticeQuestions 78
[INFO ] 2024-02-26 21:44:29.368 [main] LoggerLoad - Info Log After Step : User redirected to the blank page of QueueApplicationsInQueueParcticeQuestions 78
[INFO ] 2024-02-26 21:44:29.369 [main] LoggerLoad - Info Log Before Step : User redirected to the blank page of QueueApplicationsInQueueParcticeQuestions 78
[INFO ] 2024-02-26 21:44:29.415 [main] LoggerLoad - Info Log After Step : User redirected to the blank page of QueueApplicationsInQueueParcticeQuestions 78
[INFO ] 2024-02-26 21:44:30.470 [main] LoggerLoad - Info Log Before Step : User redirected to the blank page of QueueApplicationsInQueueParcticeQuestions 85
[INFO ] 2024-02-26 21:44:37.357 [main] LoggerLoad - Info Log After Step : User redirected to the blank page of QueueApplicationsInQueueParcticeQuestions 85
[INFO ] 2024-02-26 21:44:37.358 [main] LoggerLoad - Info Log Before Step : User redirected to the blank page of QueueApplicationsInQueueParcticeQuestions 85
[INFO ] 2024-02-26 21:44:37.695 [main] LoggerLoad - Info Log After Step : User redirected to the blank page of QueueApplicationsInQueueParcticeQuestions 85
[INFO ] 2024-02-26 21:44:37.696 [main] LoggerLoad - Info Log Before Step : User redirected to the blank page of QueueApplicationsInQueueParcticeQuestions 85
[INFO ] 2024-02-26 21:44:37.732 [main] LoggerLoad - Info Log After Step : User redirected to the blank page of QueueApplicationsInQueueParcticeQuestions 85
[INFO ] 2024-02-27 20:09:46.054 [main] LoggerLoad - Info Log Before Step : User navigates to the Graph page 5
[INFO ] 2024-02-27 20:09:50.286 [main] LoggerLoad - Info Log After Step : User navigates to the Graph page 5
[INFO ] 2024-02-27 20:09:50.287 [main] LoggerLoad - Info Log Before Step : User navigates to the Graph page 5
[INFO ] 2024-02-27 20:09:52.776 [main] LoggerLoad - Info Log After Step : User navigates to the Graph page 5
[INFO ] 2024-02-27 20:09:52.777 [main] LoggerLoad - Info Log Before Step : User navigates to the Graph page 5
[INFO ] 2024-02-27 20:09:52.797 [main] LoggerLoad - Info Log After Step : User navigates to the Graph page 5
[INFO ] 2024-02-27 20:09:54.071 [main] LoggerLoad - Info Log Before Step : User navigates to the graph console page 11
[INFO ] 2024-02-27 20:09:54.073 [main] LoggerLoad - Info Log After Step : User navigates to the graph console page 11
[INFO ] 2024-02-27 20:09:54.073 [main] LoggerLoad - Info Log Before Step : User navigates to the graph console page 11
[INFO ] 2024-02-27 20:09:54.074 [main] LoggerLoad - Info Log After Step : User navigates to the graph console page 11
[INFO ] 2024-02-27 20:09:54.074 [main] LoggerLoad - Info Log Before Step : User navigates to the graph console page 11
[INFO ] 2024-02-27 20:09:54.174 [main] LoggerLoad - Info Log After Step : User navigates to the graph console page 11
[INFO ] 2024-02-27 20:09:55.432 [main] LoggerLoad - Info Log Before Step : User navigates to the graph console page 17
[INFO ] 2024-02-27 20:09:55.433 [main] LoggerLoad - Info Log After Step : User navigates to the graph console page 17
[INFO ] 2024-02-27 20:09:55.433 [main] LoggerLoad - Info Log Before Step : User navigates to the graph console page 17
[INFO ] 2024-02-27 20:09:55.434 [main] LoggerLoad - Info Log After Step : User navigates to the graph console page 17
[INFO ] 2024-02-27 20:09:55.434 [main] LoggerLoad - Info Log Before Step : User navigates to the graph console page 17
[INFO ] 2024-02-27 20:09:55.435 [main] LoggerLoad - Info Log After Step : User navigates to the graph console page 17
[INFO ] 2024-02-27 20:09:56.587 [main] LoggerLoad - Info Log Before Step : User navigates to the graph console page 23
[INFO ] 2024-02-27 20:09:56.590 [main] LoggerLoad - Info Log After Step : User navigates to the graph console page 23
[INFO ] 2024-02-27 20:09:56.590 [main] LoggerLoad - Info Log Before Step : User navigates to the graph console page 23
[INFO ] 2024-02-27 20:09:56.590 [main] LoggerLoad - Info Log After Step : User navigates to the graph console page 23
[INFO ] 2024-02-27 20:09:56.590 [main] LoggerLoad - Info Log Before Step : User navigates to the graph console page 23
[INFO ] 2024-02-27 20:09:56.629 [main] LoggerLoad - Info Log After Step : User navigates to the graph console page 23
[INFO ] 2024-02-27 20:17:42.037 [main] LoggerLoad - Info Log Before Step : User navigates to the Graph page 5
[INFO ] 2024-02-27 20:17:46.173 [main] LoggerLoad - Info Log After Step : User navigates to the Graph page 5
[INFO ] 2024-02-27 20:17:46.173 [main] LoggerLoad - Info Log Before Step : User navigates to the Graph page 5
[INFO ] 2024-02-27 20:17:48.660 [main] LoggerLoad - Info Log After Step : User navigates to the Graph page 5
[INFO ] 2024-02-27 20:17:48.661 [main] LoggerLoad - Info Log Before Step : User navigates to the Graph page 5
[INFO ] 2024-02-27 20:17:48.689 [main] LoggerLoad - Info Log After Step : User navigates to the Graph page 5
[INFO ] 2024-02-27 20:17:49.930 [main] LoggerLoad - Info Log Before Step : User navigates to the graph console page 11
[INFO ] 2024-02-27 20:17:49.944 [main] LoggerLoad - Info Log After Step : User navigates to the graph console page 11
[INFO ] 2024-02-27 20:17:51.211 [main] LoggerLoad - Info Log Before Step : User navigates to the graph console page 17
[INFO ] 2024-02-27 20:17:51.214 [main] LoggerLoad - Info Log After Step : User navigates to the graph console page 17
[INFO ] 2024-02-27 20:17:52.481 [main] LoggerLoad - Info Log Before Step : User navigates to the graph console page 23
[INFO ] 2024-02-27 20:17:52.482 [main] LoggerLoad - Info Log After Step : User navigates to the graph console page 23
[INFO ] 2024-02-27 20:33:26.629 [main] LoggerLoad - Info Log Before Step : User navigates to the Graph page 5
[INFO ] 2024-02-27 20:33:30.565 [main] LoggerLoad - Info Log After Step : User navigates to the Graph page 5
[INFO ] 2024-02-27 20:33:30.565 [main] LoggerLoad - Info Log Before Step : User navigates to the Graph page 5
[INFO ] 2024-02-27 20:33:32.981 [main] LoggerLoad - Info Log After Step : User navigates to the Graph page 5
[INFO ] 2024-02-27 20:33:32.982 [main] LoggerLoad - Info Log Before Step : User navigates to the Graph page 5
[INFO ] 2024-02-27 20:33:33.005 [main] LoggerLoad - Info Log After Step : User navigates to the Graph page 5
[INFO ] 2024-02-27 20:35:27.863 [main] LoggerLoad - Info Log Before Step : User navigates to the Graph Implementation of Graph in Python page 12
[INFO ] 2024-02-27 20:35:34.409 [main] LoggerLoad - Info Log After Step : User navigates to the Graph Implementation of Graph in Python page 12
[INFO ] 2024-02-27 20:35:34.410 [main] LoggerLoad - Info Log Before Step : User navigates to the Graph Implementation of Graph in Python page 12
[INFO ] 2024-02-27 20:35:34.991 [main] LoggerLoad - Info Log After Step : User navigates to the Graph Implementation of Graph in Python page 12
[INFO ] 2024-02-27 20:35:34.992 [main] LoggerLoad - Info Log Before Step : User navigates to the Graph Implementation of Graph in Python page 12
[INFO ] 2024-02-27 20:35:35.018 [main] LoggerLoad - Info Log After Step : User navigates to the Graph Implementation of Graph in Python page 12
[INFO ] 2024-02-27 20:37:50.487 [main] LoggerLoad - Info Log Before Step : User navigates to the Graph Implementation of Graph in Python page 19
[INFO ] 2024-02-27 20:37:57.074 [main] LoggerLoad - Info Log After Step : User navigates to the Graph Implementation of Graph in Python page 19
[INFO ] 2024-02-27 20:37:57.074 [main] LoggerLoad - Info Log Before Step : User navigates to the Graph Implementation of Graph in Python page 19
[INFO ] 2024-02-27 20:37:57.713 [main] LoggerLoad - Info Log After Step : User navigates to the Graph Implementation of Graph in Python page 19
[INFO ] 2024-02-27 20:37:57.714 [main] LoggerLoad - Info Log Before Step : User navigates to the Graph Implementation of Graph in Python page 19
[INFO ] 2024-02-27 20:37:57.741 [main] LoggerLoad - Info Log After Step : User navigates to the Graph Implementation of Graph in Python page 19
[INFO ] 2024-02-27 20:38:15.184 [main] LoggerLoad - Info Log Before Step : User navigates to the Graph Implementation of Graph in Python page 19
[INFO ] 2024-02-27 20:38:21.732 [main] LoggerLoad - Info Log After Step : User navigates to the Graph Implementation of Graph in Python page 19
[INFO ] 2024-02-27 20:38:21.733 [main] LoggerLoad - Info Log Before Step : User navigates to the Graph Implementation of Graph in Python page 19
[INFO ] 2024-02-27 20:38:22.358 [main] LoggerLoad - Info Log After Step : User navigates to the Graph Implementation of Graph in Python page 19
[INFO ] 2024-02-27 20:38:22.358 [main] LoggerLoad - Info Log Before Step : User navigates to the Graph Implementation of Graph in Python page 19
[INFO ] 2024-02-27 20:38:22.393 [main] LoggerLoad - Info Log After Step : User navigates to the Graph Implementation of Graph in Python page 19
[INFO ] 2024-02-27 20:40:08.574 [main] LoggerLoad - Info Log Before Step : User navigates to pythoncode in GraphOperationsInGraph 26
[INFO ] 2024-02-27 20:40:15.667 [main] LoggerLoad - Info Log After Step : User navigates to pythoncode in GraphOperationsInGraph 26
[INFO ] 2024-02-27 20:40:15.667 [main] LoggerLoad - Info Log Before Step : User navigates to pythoncode in GraphOperationsInGraph 26
[INFO ] 2024-02-27 20:40:16.725 [main] LoggerLoad - Info Log After Step : User navigates to pythoncode in GraphOperationsInGraph 26
[INFO ] 2024-02-27 20:40:16.726 [main] LoggerLoad - Info Log Before Step : User navigates to pythoncode in GraphOperationsInGraph 26
[INFO ] 2024-02-27 20:40:16.749 [main] LoggerLoad - Info Log After Step : User navigates to pythoncode in GraphOperationsInGraph 26
[INFO ] 2024-02-27 20:41:43.018 [main] LoggerLoad - Info Log Before Step : User navigates to pythoncode in GraphImplementationsTryme 33
[INFO ] 2024-02-27 20:41:50.587 [main] LoggerLoad - Info Log After Step : User navigates to pythoncode in GraphImplementationsTryme 33
[INFO ] 2024-02-27 20:41:50.587 [main] LoggerLoad - Info Log Before Step : User navigates to pythoncode in GraphImplementationsTryme 33
[INFO ] 2024-02-27 20:41:51.493 [main] LoggerLoad - Info Log After Step : User navigates to pythoncode in GraphImplementationsTryme 33
[INFO ] 2024-02-27 20:41:51.493 [main] LoggerLoad - Info Log Before Step : User navigates to pythoncode in GraphImplementationsTryme 33
[INFO ] 2024-02-27 20:41:51.513 [main] LoggerLoad - Info Log After Step : User navigates to pythoncode in GraphImplementationsTryme 33
[INFO ] 2024-02-27 20:43:04.434 [main] LoggerLoad - Info Log Before Step : User redirected to the blank page of GraphOperationsInGraphParcticeQuestions 41
[INFO ] 2024-02-27 20:43:11.396 [main] LoggerLoad - Info Log After Step : User redirected to the blank page of GraphOperationsInGraphParcticeQuestions 41
[INFO ] 2024-02-27 20:43:11.396 [main] LoggerLoad - Info Log Before Step : User redirected to the blank page of GraphOperationsInGraphParcticeQuestions 41
[INFO ] 2024-02-27 20:43:11.786 [main] LoggerLoad - Info Log After Step : User redirected to the blank page of GraphOperationsInGraphParcticeQuestions 41
[INFO ] 2024-02-27 20:43:11.786 [main] LoggerLoad - Info Log Before Step : User redirected to the blank page of GraphOperationsInGraphParcticeQuestions 41
[INFO ] 2024-02-27 20:43:11.855 [main] LoggerLoad - Info Log After Step : User redirected to the blank page of GraphOperationsInGraphParcticeQuestions 41
[INFO ] 2024-02-27 20:43:23.826 [main] LoggerLoad - Info Log Before Step : User redirected to the blank page of GraphOperationsInGraphParcticeQuestions 41
[INFO ] 2024-02-27 20:43:30.678 [main] LoggerLoad - Info Log After Step : User redirected to the blank page of GraphOperationsInGraphParcticeQuestions 41
[INFO ] 2024-02-27 20:43:30.678 [main] LoggerLoad - Info Log Before Step : User redirected to the blank page of GraphOperationsInGraphParcticeQuestions 41
[INFO ] 2024-02-27 20:43:31.112 [main] LoggerLoad - Info Log After Step : User redirected to the blank page of GraphOperationsInGraphParcticeQuestions 41
[INFO ] 2024-02-27 20:43:31.112 [main] LoggerLoad - Info Log Before Step : User redirected to the blank page of GraphOperationsInGraphParcticeQuestions 41
[INFO ] 2024-02-27 20:43:31.170 [main] LoggerLoad - Info Log After Step : User redirected to the blank page of GraphOperationsInGraphParcticeQuestions 41
[INFO ] 2024-02-27 20:43:43.300 [main] LoggerLoad - Info Log Before Step : User redirected to the blank page of GraphOperationsInGraphParcticeQuestions 41
[INFO ] 2024-02-27 20:43:50.264 [main] LoggerLoad - Info Log After Step : User redirected to the blank page of GraphOperationsInGraphParcticeQuestions 41
[INFO ] 2024-02-27 20:43:50.265 [main] LoggerLoad - Info Log Before Step : User redirected to the blank page of GraphOperationsInGraphParcticeQuestions 41
[INFO ] 2024-02-27 20:43:50.671 [main] LoggerLoad - Info Log After Step : User redirected to the blank page of GraphOperationsInGraphParcticeQuestions 41
[INFO ] 2024-02-27 20:43:50.671 [main] LoggerLoad - Info Log Before Step : User redirected to the blank page of GraphOperationsInGraphParcticeQuestions 41
[INFO ] 2024-02-27 20:43:50.741 [main] LoggerLoad - Info Log After Step : User redirected to the blank page of GraphOperationsInGraphParcticeQuestions 41
[INFO ] 2024-02-27 20:45:43.235 [main] LoggerLoad - Info Log Before Step : User redirected to the blank page of GraphImplementationInGraphParcticeQuestions 48
[INFO ] 2024-02-27 20:45:50.411 [main] LoggerLoad - Info Log After Step : User redirected to the blank page of GraphImplementationInGraphParcticeQuestions 48
[INFO ] 2024-02-27 20:45:50.412 [main] LoggerLoad - Info Log Before Step : User redirected to the blank page of GraphImplementationInGraphParcticeQuestions 48
[INFO ] 2024-02-27 20:45:50.866 [main] LoggerLoad - Info Log After Step : User redirected to the blank page of GraphImplementationInGraphParcticeQuestions 48
[INFO ] 2024-02-27 20:45:50.866 [main] LoggerLoad - Info Log Before Step : User redirected to the blank page of GraphImplementationInGraphParcticeQuestions 48
[INFO ] 2024-02-27 20:45:50.906 [main] LoggerLoad - Info Log After Step : User redirected to the blank page of GraphImplementationInGraphParcticeQuestions 48
[INFO ] 2024-02-27 20:46:24.491 [main] LoggerLoad - Info Log Before Step : User navigates to the Graph page 5
[INFO ] 2024-02-27 20:46:28.440 [main] LoggerLoad - Info Log After Step : User navigates to the Graph page 5
[INFO ] 2024-02-27 20:46:28.441 [main] LoggerLoad - Info Log Before Step : User navigates to the Graph page 5
[INFO ] 2024-02-27 20:46:30.931 [main] LoggerLoad - Info Log After Step : User navigates to the Graph page 5
[INFO ] 2024-02-27 20:46:30.933 [main] LoggerLoad - Info Log Before Step : User navigates to the Graph page 5
[INFO ] 2024-02-27 20:46:30.969 [main] LoggerLoad - Info Log After Step : User navigates to the Graph page 5
[INFO ] 2024-02-27 20:46:32.207 [main] LoggerLoad - Info Log Before Step : User navigates to the Graph Implementation of Graph in Python page 12
[INFO ] 2024-02-27 20:46:38.881 [main] LoggerLoad - Info Log After Step : User navigates to the Graph Implementation of Graph in Python page 12
[INFO ] 2024-02-27 20:46:38.881 [main] LoggerLoad - Info Log Before Step : User navigates to the Graph Implementation of Graph in Python page 12
[INFO ] 2024-02-27 20:46:39.372 [main] LoggerLoad - Info Log After Step : User navigates to the Graph Implementation of Graph in Python page 12
[INFO ] 2024-02-27 20:46:39.373 [main] LoggerLoad - Info Log Before Step : User navigates to the Graph Implementation of Graph in Python page 12
[INFO ] 2024-02-27 20:46:39.393 [main] LoggerLoad - Info Log After Step : User navigates to the Graph Implementation of Graph in Python page 12
[INFO ] 2024-02-27 20:46:40.589 [main] LoggerLoad - Info Log Before Step : User navigates to the Graph Implementation of Graph in Python page 19
[INFO ] 2024-02-27 20:46:47.053 [main] LoggerLoad - Info Log After Step : User navigates to the Graph Implementation of Graph in Python page 19
[INFO ] 2024-02-27 20:46:47.053 [main] LoggerLoad - Info Log Before Step : User navigates to the Graph Implementation of Graph in Python page 19
[INFO ] 2024-02-27 20:46:47.640 [main] LoggerLoad - Info Log After Step : User navigates to the Graph Implementation of Graph in Python page 19
[INFO ] 2024-02-27 20:46:47.642 [main] LoggerLoad - Info Log Before Step : User navigates to the Graph Implementation of Graph in Python page 19
[INFO ] 2024-02-27 20:46:47.669 [main] LoggerLoad - Info Log After Step : User navigates to the Graph Implementation of Graph in Python page 19
[INFO ] 2024-02-27 20:46:48.860 [main] LoggerLoad - Info Log Before Step : User navigates to pythoncode in GraphOperationsInGraph 26
[INFO ] 2024-02-27 20:46:55.773 [main] LoggerLoad - Info Log After Step : User navigates to pythoncode in GraphOperationsInGraph 26
[INFO ] 2024-02-27 20:46:55.773 [main] LoggerLoad - Info Log Before Step : User navigates to pythoncode in GraphOperationsInGraph 26
[INFO ] 2024-02-27 20:46:56.665 [main] LoggerLoad - Info Log After Step : User navigates to pythoncode in GraphOperationsInGraph 26
[INFO ] 2024-02-27 20:46:56.665 [main] LoggerLoad - Info Log Before Step : User navigates to pythoncode in GraphOperationsInGraph 26
[INFO ] 2024-02-27 20:46:56.680 [main] LoggerLoad - Info Log After Step : User navigates to pythoncode in GraphOperationsInGraph 26
[INFO ] 2024-02-27 20:46:57.910 [main] LoggerLoad - Info Log Before Step : User navigates to pythoncode in GraphImplementationsTryme 33
[INFO ] 2024-02-27 20:47:04.871 [main] LoggerLoad - Info Log After Step : User navigates to pythoncode in GraphImplementationsTryme 33
[INFO ] 2024-02-27 20:47:04.872 [main] LoggerLoad - Info Log Before Step : User navigates to pythoncode in GraphImplementationsTryme 33
[INFO ] 2024-02-27 20:47:05.710 [main] LoggerLoad - Info Log After Step : User navigates to pythoncode in GraphImplementationsTryme 33
[INFO ] 2024-02-27 20:47:05.711 [main] LoggerLoad - Info Log Before Step : User navigates to pythoncode in GraphImplementationsTryme 33
[INFO ] 2024-02-27 20:47:05.733 [main] LoggerLoad - Info Log After Step : User navigates to pythoncode in GraphImplementationsTryme 33
[INFO ] 2024-02-27 20:47:06.942 [main] LoggerLoad - Info Log Before Step : User redirected to the blank page of GraphOperationsInGraphParcticeQuestions 41
[INFO ] 2024-02-27 20:47:13.924 [main] LoggerLoad - Info Log After Step : User redirected to the blank page of GraphOperationsInGraphParcticeQuestions 41
[INFO ] 2024-02-27 20:47:13.924 [main] LoggerLoad - Info Log Before Step : User redirected to the blank page of GraphOperationsInGraphParcticeQuestions 41
[INFO ] 2024-02-27 20:47:14.282 [main] LoggerLoad - Info Log After Step : User redirected to the blank page of GraphOperationsInGraphParcticeQuestions 41
[INFO ] 2024-02-27 20:47:14.283 [main] LoggerLoad - Info Log Before Step : User redirected to the blank page of GraphOperationsInGraphParcticeQuestions 41
[INFO ] 2024-02-27 20:47:14.336 [main] LoggerLoad - Info Log After Step : User redirected to the blank page of GraphOperationsInGraphParcticeQuestions 41
[INFO ] 2024-02-27 20:47:15.551 [main] LoggerLoad - Info Log Before Step : User redirected to the blank page of GraphImplementationInGraphParcticeQuestions 48
[INFO ] 2024-02-27 20:47:22.696 [main] LoggerLoad - Info Log After Step : User redirected to the blank page of GraphImplementationInGraphParcticeQuestions 48
[INFO ] 2024-02-27 20:47:22.696 [main] LoggerLoad - Info Log Before Step : User redirected to the blank page of GraphImplementationInGraphParcticeQuestions 48
[INFO ] 2024-02-27 20:47:23.071 [main] LoggerLoad - Info Log After Step : User redirected to the blank page of GraphImplementationInGraphParcticeQuestions 48
[INFO ] 2024-02-27 20:47:23.071 [main] LoggerLoad - Info Log Before Step : User redirected to the blank page of GraphImplementationInGraphParcticeQuestions 48
[INFO ] 2024-02-27 20:47:23.112 [main] LoggerLoad - Info Log After Step : User redirected to the blank page of GraphImplementationInGraphParcticeQuestions 48
